frontend/android/app/build/intermediates/manifest_merge_blame_file/debug/processDebugMainManifest/manifest-merger-blame-debug-report.txt
1<?xml version="1.0" encoding="utf-8"?>
2<manifest xmlns:android="http://schemas.android.com/apk/res/android"
3    package="com.frontend"
4    android:versionCode="1"
5    android:versionName="1.0" >
6
7    <uses-sdk
8        android:minSdkVersion="24"
9        android:targetSdkVersion="35" />
10
11    <uses-permission android:name="android.permission.INTERNET" />
11-->src\main\AndroidManifest.xml:3:5-67
11-->src\main\AndroidManifest.xml:3:22-64
12    <uses-permission android:name="android.permission.WAKE_LOCK" />
12-->[:react-native-firebase_auth] AndroidManifest.xml:8:5-68
12-->[:react-native-firebase_auth] AndroidManifest.xml:8:22-65
13    <uses-permission android:name="android.permission.ACCESS_NETWORK_STATE" />
13-->[:react-native-firebase_auth] AndroidManifest.xml:9:5-79
13-->[:react-native-firebase_auth] AndroidManifest.xml:9:22-76
14    <!--
15    This manifest file is used only by Gradle to configure debug-only capabilities
16    for React Native Apps.
17    -->
18    <uses-permission android:name="android.permission.SYSTEM_ALERT_WINDOW" />
18-->[com.facebook.react:react-android:0.79.2] AndroidManifest.xml:16:5-78
18-->[com.facebook.react:react-android:0.79.2] AndroidManifest.xml:16:22-75
19    <uses-permission android:name="com.google.android.providers.gsf.permission.READ_GSERVICES" />
19-->[com.google.android.recaptcha:recaptcha:18.6.1] AndroidManifest.xml:9:5-98
19-->[com.google.android.recaptcha:recaptcha:18.6.1] AndroidManifest.xml:9:22-95
20
21    <permission
21-->[androidx.core:core:1.13.1] AndroidManifest.xml:22:5-24:47
22        android:name="com.frontend.DYNAMIC_RECEIVER_NOT_EXPORTED_PERMISSION"
22-->[androidx.core:core:1.13.1] AndroidManifest.xml:23:9-81
23        android:protectionLevel="signature" />
23-->[androidx.core:core:1.13.1] AndroidManifest.xml:24:9-44
24
25    <uses-permission android:name="com.frontend.DYNAMIC_RECEIVER_NOT_EXPORTED_PERMISSION" />
25-->[androidx.core:core:1.13.1] AndroidManifest.xml:26:5-97
25-->[androidx.core:core:1.13.1] AndroidManifest.xml:26:22-94
26
27    <application
27-->src\main\AndroidManifest.xml:5:5-25:19
28        android:name="com.frontend.MainApplication"
28-->src\main\AndroidManifest.xml:6:7-38
29        android:allowBackup="false"
29-->src\main\AndroidManifest.xml:10:7-34
30        android:appComponentFactory="androidx.core.app.CoreComponentFactory"
30-->[androidx.core:core:1.13.1] AndroidManifest.xml:28:18-86
31        android:debuggable="true"
32        android:extractNativeLibs="false"
33        android:icon="@mipmap/ic_launcher"
33-->src\main\AndroidManifest.xml:8:7-41
34        android:label="@string/app_name"
34-->src\main\AndroidManifest.xml:7:7-39
35        android:roundIcon="@mipmap/ic_launcher_round"
35-->src\main\AndroidManifest.xml:9:7-52
36        android:supportsRtl="true"
36-->src\main\AndroidManifest.xml:12:7-33
37        android:theme="@style/AppTheme"
37-->src\main\AndroidManifest.xml:11:7-38
38        android:usesCleartextTraffic="true" >
38-->src\debug\AndroidManifest.xml:6:9-44
39        <activity
39-->src\main\AndroidManifest.xml:13:7-24:18
40            android:name="com.frontend.MainActivity"
40-->src\main\AndroidManifest.xml:14:9-37
41            android:configChanges="keyboard|keyboardHidden|orientation|screenLayout|screenSize|smallestScreenSize|uiMode"
41-->src\main\AndroidManifest.xml:16:9-118
42            android:exported="true"
42-->src\main\AndroidManifest.xml:19:9-32
43            android:label="@string/app_name"
43-->src\main\AndroidManifest.xml:15:9-41
44            android:launchMode="singleTask"
44-->src\main\AndroidManifest.xml:17:9-40
45            android:windowSoftInputMode="adjustResize" >
45-->src\main\AndroidManifest.xml:18:9-51
46            <intent-filter>
46-->src\main\AndroidManifest.xml:20:9-23:25
47                <action android:name="android.intent.action.MAIN" />
47-->src\main\AndroidManifest.xml:21:13-65
47-->src\main\AndroidManifest.xml:21:21-62
48
49                <category android:name="android.intent.category.LAUNCHER" />
49-->src\main\AndroidManifest.xml:22:13-73
49-->src\main\AndroidManifest.xml:22:23-70
50            </intent-filter>
51        </activity>
52
53        <meta-data
53-->[:react-native-firebase_app] AndroidManifest.xml:9:9-11:36
54            android:name="app_data_collection_default_enabled"
54-->[:react-native-firebase_app] AndroidManifest.xml:10:13-63
55            android:value="true" />
55-->[:react-native-firebase_app] AndroidManifest.xml:11:13-33
56
57        <service
57-->[:react-native-firebase_app] AndroidManifest.xml:13:9-21:19
58            android:name="com.google.firebase.components.ComponentDiscoveryService"
58-->[:react-native-firebase_app] AndroidManifest.xml:14:13-84
59            android:directBootAware="true"
59-->[:react-native-firebase_app] AndroidManifest.xml:15:13-43
60            android:exported="false" >
60-->[:react-native-firebase_app] AndroidManifest.xml:16:13-37
61            <meta-data
61-->[:react-native-firebase_app] AndroidManifest.xml:18:13-20:85
62                android:name="com.google.firebase.components:io.invertase.firebase.app.ReactNativeFirebaseAppRegistrar"
62-->[:react-native-firebase_app] AndroidManifest.xml:19:17-120
63                android:value="com.google.firebase.components.ComponentRegistrar" />
63-->[:react-native-firebase_app] AndroidManifest.xml:20:17-82
64            <meta-data
64-->[com.google.firebase:firebase-auth:23.2.0] AndroidManifest.xml:69:13-71:85
65                android:name="com.google.firebase.components:com.google.firebase.auth.FirebaseAuthRegistrar"
65-->[com.google.firebase:firebase-auth:23.2.0] AndroidManifest.xml:70:17-109
66                android:value="com.google.firebase.components.ComponentRegistrar" />
66-->[com.google.firebase:firebase-auth:23.2.0] AndroidManifest.xml:71:17-82
67            <meta-data
67-->[com.google.firebase:firebase-common-ktx:21.0.0] AndroidManifest.xml:12:13-14:85
68                android:name="com.google.firebase.components:com.google.firebase.ktx.FirebaseCommonLegacyRegistrar"
68-->[com.google.firebase:firebase-common-ktx:21.0.0] AndroidManifest.xml:13:17-116
69                android:value="com.google.firebase.components.ComponentRegistrar" />
69-->[com.google.firebase:firebase-common-ktx:21.0.0] AndroidManifest.xml:14:17-82
70            <meta-data
70-->[com.google.firebase:firebase-common:21.0.0] AndroidManifest.xml:35:13-37:85
71                android:name="com.google.firebase.components:com.google.firebase.FirebaseCommonKtxRegistrar"
71-->[com.google.firebase:firebase-common:21.0.0] AndroidManifest.xml:36:17-109
72                android:value="com.google.firebase.components.ComponentRegistrar" />
72-->[com.google.firebase:firebase-common:21.0.0] AndroidManifest.xml:37:17-82
73        </service>
74
75        <provider
75-->[:react-native-firebase_app] AndroidManifest.xml:23:9-27:38
76            android:name="io.invertase.firebase.app.ReactNativeFirebaseAppInitProvider"
76-->[:react-native-firebase_app] AndroidManifest.xml:24:13-88
77            android:authorities="com.frontend.reactnativefirebaseappinitprovider"
77-->[:react-native-firebase_app] AndroidManifest.xml:25:13-86
78            android:exported="false"
78-->[:react-native-firebase_app] AndroidManifest.xml:26:13-37
79            android:initOrder="99" />
79-->[:react-native-firebase_app] AndroidManifest.xml:27:13-35
80
81        <activity
81-->[com.facebook.react:react-android:0.79.2] AndroidManifest.xml:19:9-21:40
82            android:name="com.facebook.react.devsupport.DevSettingsActivity"
82-->[com.facebook.react:react-android:0.79.2] AndroidManifest.xml:20:13-77
83            android:exported="false" />
83-->[com.facebook.react:react-android:0.79.2] AndroidManifest.xml:21:13-37
84        <activity
84-->[com.google.firebase:firebase-auth:23.2.0] AndroidManifest.xml:29:9-46:20
85            android:name="com.google.firebase.auth.internal.GenericIdpActivity"
85-->[com.google.firebase:firebase-auth:23.2.0] AndroidManifest.xml:30:13-80
86            android:excludeFromRecents="true"
86-->[com.google.firebase:firebase-auth:23.2.0] AndroidManifest.xml:31:13-46
87            android:exported="true"
87-->[com.google.firebase:firebase-auth:23.2.0] AndroidManifest.xml:32:13-36
88            android:launchMode="singleTask"
88-->[com.google.firebase:firebase-auth:23.2.0] AndroidManifest.xml:33:13-44
89            android:theme="@android:style/Theme.Translucent.NoTitleBar" >
89-->[com.google.firebase:firebase-auth:23.2.0] AndroidManifest.xml:34:13-72
90            <intent-filter>
90-->[com.google.firebase:firebase-auth:23.2.0] AndroidManifest.xml:35:13-45:29
91                <action android:name="android.intent.action.VIEW" />
91-->[com.google.firebase:firebase-auth:23.2.0] AndroidManifest.xml:36:17-69
91-->[com.google.firebase:firebase-auth:23.2.0] AndroidManifest.xml:36:25-66
92
93                <category android:name="android.intent.category.DEFAULT" />
93-->[com.google.firebase:firebase-auth:23.2.0] AndroidManifest.xml:38:17-76
93-->[com.google.firebase:firebase-auth:23.2.0] AndroidManifest.xml:38:27-73
94                <category android:name="android.intent.category.BROWSABLE" />
94-->[com.google.firebase:firebase-auth:23.2.0] AndroidManifest.xml:39:17-78
94-->[com.google.firebase:firebase-auth:23.2.0] AndroidManifest.xml:39:27-75
95
96                <data
96-->[com.google.firebase:firebase-auth:23.2.0] AndroidManifest.xml:41:17-44:51
97                    android:host="firebase.auth"
97-->[com.google.firebase:firebase-auth:23.2.0] AndroidManifest.xml:42:21-49
98                    android:path="/"
98-->[com.google.firebase:firebase-auth:23.2.0] AndroidManifest.xml:43:21-37
99                    android:scheme="genericidp" />
99-->[com.google.firebase:firebase-auth:23.2.0] AndroidManifest.xml:44:21-48
100            </intent-filter>
101        </activity>
102        <activity
102-->[com.google.firebase:firebase-auth:23.2.0] AndroidManifest.xml:47:9-64:20
103            android:name="com.google.firebase.auth.internal.RecaptchaActivity"
103-->[com.google.firebase:firebase-auth:23.2.0] AndroidManifest.xml:48:13-79
104            android:excludeFromRecents="true"
104-->[com.google.firebase:firebase-auth:23.2.0] AndroidManifest.xml:49:13-46
105            android:exported="true"
105-->[com.google.firebase:firebase-auth:23.2.0] AndroidManifest.xml:50:13-36
106            android:launchMode="singleTask"
106-->[com.google.firebase:firebase-auth:23.2.0] AndroidManifest.xml:51:13-44
107            android:theme="@android:style/Theme.Translucent.NoTitleBar" >
107-->[com.google.firebase:firebase-auth:23.2.0] AndroidManifest.xml:52:13-72
108            <intent-filter>
108-->[com.google.firebase:firebase-auth:23.2.0] AndroidManifest.xml:53:13-63:29
109                <action android:name="android.intent.action.VIEW" />
109-->[com.google.firebase:firebase-auth:23.2.0] AndroidManifest.xml:36:17-69
109-->[com.google.firebase:firebase-auth:23.2.0] AndroidManifest.xml:36:25-66
110
111                <category android:name="android.intent.category.DEFAULT" />
111-->[com.google.firebase:firebase-auth:23.2.0] AndroidManifest.xml:38:17-76
111-->[com.google.firebase:firebase-auth:23.2.0] AndroidManifest.xml:38:27-73
112                <category android:name="android.intent.category.BROWSABLE" />
112-->[com.google.firebase:firebase-auth:23.2.0] AndroidManifest.xml:39:17-78
112-->[com.google.firebase:firebase-auth:23.2.0] AndroidManifest.xml:39:27-75
113
114                <data
114-->[com.google.firebase:firebase-auth:23.2.0] AndroidManifest.xml:41:17-44:51
115                    android:host="firebase.auth"
115-->[com.google.firebase:firebase-auth:23.2.0] AndroidManifest.xml:42:21-49
116                    android:path="/"
116-->[com.google.firebase:firebase-auth:23.2.0] AndroidManifest.xml:43:21-37
117                    android:scheme="recaptcha" />
117-->[com.google.firebase:firebase-auth:23.2.0] AndroidManifest.xml:44:21-48
118            </intent-filter>
119        </activity>
120
121        <service
121-->[androidx.credentials:credentials-play-services-auth:1.2.0-rc01] AndroidManifest.xml:24:9-32:19
122            android:name="androidx.credentials.playservices.CredentialProviderMetadataHolder"
122-->[androidx.credentials:credentials-play-services-auth:1.2.0-rc01] AndroidManifest.xml:25:13-94
123            android:enabled="true"
123-->[androidx.credentials:credentials-play-services-auth:1.2.0-rc01] AndroidManifest.xml:26:13-35
124            android:exported="false" >
124-->[androidx.credentials:credentials-play-services-auth:1.2.0-rc01] AndroidManifest.xml:27:13-37
125            <meta-data
125-->[androidx.credentials:credentials-play-services-auth:1.2.0-rc01] AndroidManifest.xml:29:13-31:104
126                android:name="androidx.credentials.CREDENTIAL_PROVIDER_KEY"
126-->[androidx.credentials:credentials-play-services-auth:1.2.0-rc01] AndroidManifest.xml:30:17-76
127                android:value="androidx.credentials.playservices.CredentialProviderPlayServicesImpl" />
127-->[androidx.credentials:credentials-play-services-auth:1.2.0-rc01] AndroidManifest.xml:31:17-101
128        </service>
129
130        <activity
130-->[androidx.credentials:credentials-play-services-auth:1.2.0-rc01] AndroidManifest.xml:34:9-41:20
131            android:name="androidx.credentials.playservices.HiddenActivity"
131-->[androidx.credentials:credentials-play-services-auth:1.2.0-rc01] AndroidManifest.xml:35:13-76
132            android:configChanges="orientation|screenSize|screenLayout|keyboardHidden"
132-->[androidx.credentials:credentials-play-services-auth:1.2.0-rc01] AndroidManifest.xml:36:13-87
133            android:enabled="true"
133-->[androidx.credentials:credentials-play-services-auth:1.2.0-rc01] AndroidManifest.xml:37:13-35
134            android:exported="false"
134-->[androidx.credentials:credentials-play-services-auth:1.2.0-rc01] AndroidManifest.xml:38:13-37
135            android:fitsSystemWindows="true"
135-->[androidx.credentials:credentials-play-services-auth:1.2.0-rc01] AndroidManifest.xml:39:13-45
136            android:theme="@style/Theme.Hidden" >
136-->[androidx.credentials:credentials-play-services-auth:1.2.0-rc01] AndroidManifest.xml:40:13-48
137        </activity>
138        <activity
138-->[com.google.android.gms:play-services-auth:21.3.0] AndroidManifest.xml:23:9-27:75
139            android:name="com.google.android.gms.auth.api.signin.internal.SignInHubActivity"
139-->[com.google.android.gms:play-services-auth:21.3.0] AndroidManifest.xml:24:13-93
140            android:excludeFromRecents="true"
140-->[com.google.android.gms:play-services-auth:21.3.0] AndroidManifest.xml:25:13-46
141            android:exported="false"
141-->[com.google.android.gms:play-services-auth:21.3.0] AndroidManifest.xml:26:13-37
142            android:theme="@android:style/Theme.Translucent.NoTitleBar" />
142-->[com.google.android.gms:play-services-auth:21.3.0] AndroidManifest.xml:27:13-72
143        <!--
144            Service handling Google Sign-In user revocation. For apps that do not integrate with
145            Google Sign-In, this service will never be started.
146        -->
147        <service
147-->[com.google.android.gms:play-services-auth:21.3.0] AndroidManifest.xml:33:9-37:51
148            android:name="com.google.android.gms.auth.api.signin.RevocationBoundService"
148-->[com.google.android.gms:play-services-auth:21.3.0] AndroidManifest.xml:34:13-89
149            android:exported="true"
149-->[com.google.android.gms:play-services-auth:21.3.0] AndroidManifest.xml:35:13-36
150            android:permission="com.google.android.gms.auth.api.signin.permission.REVOCATION_NOTIFICATION"
150-->[com.google.android.gms:play-services-auth:21.3.0] AndroidManifest.xml:36:13-107
151            android:visibleToInstantApps="true" />
151-->[com.google.android.gms:play-services-auth:21.3.0] AndroidManifest.xml:37:13-48
152
153        <activity
153-->[com.google.android.gms:play-services-base:18.5.0] AndroidManifest.xml:5:9-173
154            android:name="com.google.android.gms.common.api.GoogleApiActivity"
154-->[com.google.android.gms:play-services-base:18.5.0] AndroidManifest.xml:5:19-85
155            android:exported="false"
155-->[com.google.android.gms:play-services-base:18.5.0] AndroidManifest.xml:5:146-170
156            android:theme="@android:style/Theme.Translucent.NoTitleBar" />
156-->[com.google.android.gms:play-services-base:18.5.0] AndroidManifest.xml:5:86-145
157
158        <provider
158-->[com.google.firebase:firebase-common:21.0.0] AndroidManifest.xml:23:9-28:39
159            android:name="com.google.firebase.provider.FirebaseInitProvider"
159-->[com.google.firebase:firebase-common:21.0.0] AndroidManifest.xml:24:13-77
160            android:authorities="com.frontend.firebaseinitprovider"
160-->[com.google.firebase:firebase-common:21.0.0] AndroidManifest.xml:25:13-72
161            android:directBootAware="true"
161-->[com.google.firebase:firebase-common:21.0.0] AndroidManifest.xml:26:13-43
162            android:exported="false"
162-->[com.google.firebase:firebase-common:21.0.0] AndroidManifest.xml:27:13-37
163            android:initOrder="100" />
163-->[com.google.firebase:firebase-common:21.0.0] AndroidManifest.xml:28:13-36
164        <provider
164-->[androidx.emoji2:emoji2:1.3.0] AndroidManifest.xml:24:9-32:20
165            android:name="androidx.startup.InitializationProvider"
165-->[androidx.emoji2:emoji2:1.3.0] AndroidManifest.xml:25:13-67
166            android:authorities="com.frontend.androidx-startup"
166-->[androidx.emoji2:emoji2:1.3.0] AndroidManifest.xml:26:13-68
167            android:exported="false" >
167-->[androidx.emoji2:emoji2:1.3.0] AndroidManifest.xml:27:13-37
168            <meta-data
168-->[androidx.emoji2:emoji2:1.3.0] AndroidManifest.xml:29:13-31:52
169                android:name="androidx.emoji2.text.EmojiCompatInitializer"
169-->[androidx.emoji2:emoji2:1.3.0] AndroidManifest.xml:30:17-75
170                android:value="androidx.startup" />
170-->[androidx.emoji2:emoji2:1.3.0] AndroidManifest.xml:31:17-49
171            <meta-data
171-->[androidx.lifecycle:lifecycle-process:2.6.2] AndroidManifest.xml:29:13-31:52
172                android:name="androidx.lifecycle.ProcessLifecycleInitializer"
172-->[androidx.lifecycle:lifecycle-process:2.6.2] AndroidManifest.xml:30:17-78
173                android:value="androidx.startup" />
173-->[androidx.lifecycle:lifecycle-process:2.6.2] AndroidManifest.xml:31:17-49
174            <meta-data
174-->[androidx.profileinstaller:profileinstaller:1.3.1] AndroidManifest.xml:29:13-31:52
175                android:name="androidx.profileinstaller.ProfileInstallerInitializer"
175-->[androidx.profileinstaller:profileinstaller:1.3.1] AndroidManifest.xml:30:17-85
176                android:value="androidx.startup" />
176-->[androidx.profileinstaller:profileinstaller:1.3.1] AndroidManifest.xml:31:17-49
177        </provider>
178
179        <meta-data
179-->[com.google.android.gms:play-services-basement:18.4.0] AndroidManifest.xml:6:9-122
180            android:name="com.google.android.gms.version"
180-->[com.google.android.gms:play-services-basement:18.4.0] AndroidManifest.xml:6:20-65
181            android:value="@integer/google_play_services_version" />
181-->[com.google.android.gms:play-services-basement:18.4.0] AndroidManifest.xml:6:66-119
182
183        <receiver
183-->[androidx.profileinstaller:profileinstaller:1.3.1] AndroidManifest.xml:34:9-52:20
184            android:name="androidx.profileinstaller.ProfileInstallReceiver"
184-->[androidx.profileinstaller:profileinstaller:1.3.1] AndroidManifest.xml:35:13-76
185            android:directBootAware="false"
185-->[androidx.profileinstaller:profileinstaller:1.3.1] AndroidManifest.xml:36:13-44
186            android:enabled="true"
186-->[androidx.profileinstaller:profileinstaller:1.3.1] AndroidManifest.xml:37:13-35
187            android:exported="true"
187-->[androidx.profileinstaller:profileinstaller:1.3.1] AndroidManifest.xml:38:13-36
188            android:permission="android.permission.DUMP" >
188-->[androidx.profileinstaller:profileinstaller:1.3.1] AndroidManifest.xml:39:13-57
189            <intent-filter>
189-->[androidx.profileinstaller:profileinstaller:1.3.1] AndroidManifest.xml:40:13-42:29
190                <action android:name="androidx.profileinstaller.action.INSTALL_PROFILE" />
190-->[androidx.profileinstaller:profileinstaller:1.3.1] AndroidManifest.xml:41:17-91
190-->[androidx.profileinstaller:profileinstaller:1.3.1] AndroidManifest.xml:41:25-88
191            </intent-filter>
192            <intent-filter>
192-->[androidx.profileinstaller:profileinstaller:1.3.1] AndroidManifest.xml:43:13-45:29
193                <action android:name="androidx.profileinstaller.action.SKIP_FILE" />
193-->[androidx.profileinstaller:profileinstaller:1.3.1] AndroidManifest.xml:44:17-85
193-->[androidx.profileinstaller:profileinstaller:1.3.1] AndroidManifest.xml:44:25-82
194            </intent-filter>
195            <intent-filter>
195-->[androidx.profileinstaller:profileinstaller:1.3.1] AndroidManifest.xml:46:13-48:29
196                <action android:name="androidx.profileinstaller.action.SAVE_PROFILE" />
196-->[androidx.profileinstaller:profileinstaller:1.3.1] AndroidManifest.xml:47:17-88
196-->[androidx.profileinstaller:profileinstaller:1.3.1] AndroidManifest.xml:47:25-85
197            </intent-filter>
198            <intent-filter>
198-->[androidx.profileinstaller:profileinstaller:1.3.1] AndroidManifest.xml:49:13-51:29
199                <action android:name="androidx.profileinstaller.action.BENCHMARK_OPERATION" />
199-->[androidx.profileinstaller:profileinstaller:1.3.1] AndroidManifest.xml:50:17-95
199-->[androidx.profileinstaller:profileinstaller:1.3.1] AndroidManifest.xml:50:25-92
200            </intent-filter>
201        </receiver>
202
203        <meta-data
203-->[com.facebook.soloader:soloader:0.12.1] AndroidManifest.xml:12:9-14:37
204            android:name="com.facebook.soloader.enabled"
204-->[com.facebook.soloader:soloader:0.12.1] AndroidManifest.xml:13:13-57
205            android:value="false" /> <!-- The activities will be merged into the manifest of the hosting app. -->
205-->[com.facebook.soloader:soloader:0.12.1] AndroidManifest.xml:14:13-34
206        <activity
206-->[com.google.android.play:core-common:2.0.3] AndroidManifest.xml:14:9-18:65
207            android:name="com.google.android.play.core.common.PlayCoreDialogWrapperActivity"
207-->[com.google.android.play:core-common:2.0.3] AndroidManifest.xml:15:13-93
208            android:exported="false"
208-->[com.google.android.play:core-common:2.0.3] AndroidManifest.xml:16:13-37
209            android:stateNotNeeded="true"
209-->[com.google.android.play:core-common:2.0.3] AndroidManifest.xml:17:13-42
210            android:theme="@style/Theme.PlayCore.Transparent" />
210-->[com.google.android.play:core-common:2.0.3] AndroidManifest.xml:18:13-62
211    </application>
212
213</manifest>